2025-04-08 22:22:18.306021 - Received CBT.V508.FILE021.PDS from FILE021.XMI 
2025-04-08 22:22:18.308007 - Found $$$#DATE.txt (text/plain) in CBT.V508.FILE021.PDS, moved to PDS/$$$#DATE
2025-04-08 22:22:18.308687 - Found $DOC.txt (text/plain) in CBT.V508.FILE021.PDS, moved to PDS/$DOC
2025-04-08 22:22:18.309414 - Found $EPILOG.txt (text/plain) in CBT.V508.FILE021.PDS, moved to PDS/$EPILOG
2025-04-08 22:22:18.310063 - Found $PROLOG.txt (text/plain) in CBT.V508.FILE021.PDS, moved to PDS/$PROLOG
2025-04-08 22:22:18.310682 - Found $REGS.txt (text/plain) in CBT.V508.FILE021.PDS, moved to PDS/$REGS
2025-04-08 22:22:18.311341 - Found $STCK.txt (text/plain) in CBT.V508.FILE021.PDS, moved to PDS/$STCK
2025-04-08 22:22:18.311966 - Found @FILE021.txt (text/plain) in CBT.V508.FILE021.PDS, moved to PDS/@FILE021
2025-04-08 22:22:18.312591 - Found DISCBOX.txt (text/plain) in CBT.V508.FILE021.PDS, moved to PDS/DISCBOX
2025-04-08 22:22:18.313304 - Found ENTER.txt (text/plain) in CBT.V508.FILE021.PDS, moved to PDS/ENTER
2025-04-08 22:22:18.314014 - Found IBHDRPLY.txt (text/plain) in CBT.V508.FILE021.PDS, moved to PDS/IBHDRPLY
2025-04-08 22:22:18.314712 - Found IBHJESPM.txt (text/plain) in CBT.V508.FILE021.PDS, moved to PDS/IBHJESPM
2025-04-08 22:22:18.315382 - Found IBHJ2001.txt (text/plain) in CBT.V508.FILE021.PDS, moved to PDS/IBHJ2001
2025-04-08 22:22:18.316019 - Found IBHJ2005.txt (text/plain) in CBT.V508.FILE021.PDS, moved to PDS/IBHJ2005
2025-04-08 22:22:18.316628 - Found IBHJ2015.txt (text/plain) in CBT.V508.FILE021.PDS, moved to PDS/IBHJ2015
2025-04-08 22:22:18.317336 - Found IBHLSPAC.txt (text/plain) in CBT.V508.FILE021.PDS, moved to PDS/IBHLSPAC
2025-04-08 22:22:18.318035 - Found IBHWTORG.txt (text/plain) in CBT.V508.FILE021.PDS, moved to PDS/IBHWTORG
2025-04-08 22:22:18.318703 - Found IBHWTORM.txt (text/plain) in CBT.V508.FILE021.PDS, moved to PDS/IBHWTORM
2025-04-08 22:22:18.319413 - Found LEAVE.txt (text/plain) in CBT.V508.FILE021.PDS, moved to PDS/LEAVE
2025-04-08 22:22:18.320161 - Found OCX.txt (text/plain) in CBT.V508.FILE021.PDS, moved to PDS/OCX
